<?xml version="1.0" encoding="UTF-8"?>
<!-- Generated by org.testng.reporters.JUnitXMLReporter -->
<testsuite ignored="0" hostname="LAPTOP-MCD5OS57" failures="0" tests="4" name="Default test" time="10.635" errors="0" timestamp="2023-09-12T12:00:30 IST">
  <testcase classname="api.testcases.UserTest" name="testCreateUser" time="5.261"/>
  <testcase classname="api.testcases.UserTest" name="testGetUser" time="1.63"/>
  <testcase classname="api.testcases.UserTest" name="testUpdateUser" time="1.403"/>
  <testcase classname="api.testcases.UserTest" name="testdeleteUser" time="1.42"/>
</testsuite> <!-- Default test -->
