<?xml version="1.0" encoding="UTF-8"?>
<!-- Generated by org.testng.reporters.JUnitXMLReporter -->
<testsuite ignored="0" hostname="LAPTOP-MCD5OS57" failures="0" tests="4" name="Test" time="9.126" errors="0" timestamp="2023-09-12T13:15:08 IST">
  <testcase classname="api.testcases.UserTest" name="testCreateUser" time="4.015"/>
  <testcase classname="api.testcases.UserTest" name="testGetUser" time="1.484"/>
  <testcase classname="api.testcases.UserTest" name="testUpdateUser" time="1.361"/>
  <testcase classname="api.testcases.UserTest" name="testdeleteUser" time="1.476"/>
</testsuite> <!-- Test -->
