<?xml version="1.0" encoding="UTF-8"?>
<testng-results ignored="0" total="4" passed="4" failed="0" skipped="0">
  <reporter-output>
  </reporter-output>
  <suite started-at="2023-09-12T13:14:58 IST" name="Suite" finished-at="2023-09-12T13:15:07 IST" duration-ms="9126">
    <groups>
    </groups>
    <test started-at="2023-09-12T13:14:58 IST" name="Test" finished-at="2023-09-12T13:15:07 IST" duration-ms="9126">
      <class name="api.testcases.UserTest">
        <test-method is-config="true" signature="generateTestData()[pri:0, instance:api.testcases.UserTest@54a7079e]" started-at="2023-09-12T13:14:58 IST" name="generateTestData" finished-at="2023-09-12T13:14:59 IST" duration-ms="575" status="PASS">
          <reporter-output>
          </reporter-output>
        </test-method> <!-- generateTestData -->
        <test-method signature="testCreateUser()[pri:1, instance:api.testcases.UserTest@54a7079e]" started-at="2023-09-12T13:14:59 IST" name="testCreateUser" finished-at="2023-09-12T13:15:03 IST" duration-ms="4015" status="PASS">
          <reporter-output>
          </reporter-output>
        </test-method> <!-- testCreateUser -->
        <test-method signature="testGetUser()[pri:2, instance:api.testcases.UserTest@54a7079e]" started-at="2023-09-12T13:15:03 IST" name="testGetUser" finished-at="2023-09-12T13:15:05 IST" duration-ms="1484" status="PASS">
          <reporter-output>
          </reporter-output>
        </test-method> <!-- testGetUser -->
        <test-method signature="testUpdateUser()[pri:3, instance:api.testcases.UserTest@54a7079e]" started-at="2023-09-12T13:15:05 IST" name="testUpdateUser" finished-at="2023-09-12T13:15:06 IST" duration-ms="1361" status="PASS">
          <reporter-output>
          </reporter-output>
        </test-method> <!-- testUpdateUser -->
        <test-method signature="testdeleteUser()[pri:4, instance:api.testcases.UserTest@54a7079e]" started-at="2023-09-12T13:15:06 IST" name="testdeleteUser" finished-at="2023-09-12T13:15:07 IST" duration-ms="1476" status="PASS">
          <reporter-output>
          </reporter-output>
        </test-method> <!-- testdeleteUser -->
      </class> <!-- api.testcases.UserTest -->
    </test> <!-- Test -->
  </suite> <!-- Suite -->
</testng-results>
